Build started 5/28/2017 3:51:42 PM.
     1>Project "C:\Users\srikrishna.sadula\Downloads\forgers-win32-tutorial-source\source\bmp_two\bmp_two.vcxproj" on node 2 (build target(s)).
     1>InitializeBuildStatus:
         Creating ".\Debug\bmp_two.unsuccessfulbuild" because "AlwaysCreate" was specified.
       ClCompile:
         All outputs are up-to-date.
       ResourceCompile:
         All outputs are up-to-date.
       ManifestResourceCompile:
         All outputs are up-to-date.
       Link:
         C:\Program Files (x86)\Microsoft Visual Studio 10.0\VC\bin\link.exe /ERRORREPORT:PROMPT /OUT:".\Debug/bmp_two.exe" /INCREMENTAL /NOLOGO kernel32.lib user32.lib gdi32.lib winspool.lib comdlg32.lib advapi32.lib shell32.lib ole32.lib oleaut32.lib uuid.lib odbc32.lib odbccp32.lib /MANIFEST /ManifestFile:".\Debug\bmp_two.exe.intermediate.manifest" /MANIFESTUAC:"level='asInvoker' uiAccess='false'" /DEBUG /PDB:".\Debug/bmp_two.pdb" /SUBSYSTEM:WINDOWS /TLBID:1 /DYNAMICBASE:NO /IMPLIB:".\Debug\bmp_two.lib" /MACHINE:X86 .\Debug\bmp_two.res
         .\Debug\bmp_two.exe.embed.manifest.res
         .\Debug/bmp_two.obj
       Manifest:
         C:\Program Files (x86)\Microsoft SDKs\Windows\v7.0A\bin\mt.exe /nologo /verbose /out:".\Debug\bmp_two.exe.embed.manifest" /manifest .\Debug\bmp_two.exe.intermediate.manifest
         All outputs are up-to-date.
       LinkEmbedManifest:
         C:\Program Files (x86)\Microsoft Visual Studio 10.0\VC\bin\link.exe /ERRORREPORT:PROMPT /OUT:".\Debug/bmp_two.exe" /INCREMENTAL /NOLOGO kernel32.lib user32.lib gdi32.lib winspool.lib comdlg32.lib advapi32.lib shell32.lib ole32.lib oleaut32.lib uuid.lib odbc32.lib odbccp32.lib /MANIFEST /ManifestFile:".\Debug\bmp_two.exe.intermediate.manifest" /MANIFESTUAC:"level='asInvoker' uiAccess='false'" /DEBUG /PDB:".\Debug/bmp_two.pdb" /SUBSYSTEM:WINDOWS /TLBID:1 /DYNAMICBASE:NO /IMPLIB:".\Debug\bmp_two.lib" /MACHINE:X86 .\Debug\bmp_two.res
         .\Debug\bmp_two.exe.embed.manifest.res
         .\Debug/bmp_two.obj
         bmp_two.vcxproj -> C:\Users\srikrishna.sadula\Downloads\forgers-win32-tutorial-source\source\bmp_two\.\Debug\bmp_two.exe
       FinalizeBuildStatus:
         Deleting file ".\Debug\bmp_two.unsuccessfulbuild".
         Touching ".\Debug\bmp_two.lastbuildstate".
     1>Done Building Project "C:\Users\srikrishna.sadula\Downloads\forgers-win32-tutorial-source\source\bmp_two\bmp_two.vcxproj" (build target(s)).

Build succeeded.

Time Elapsed 00:00:02.47
