Build started 5/29/2017 3:45:40 PM.
     1>Project "D:\projects\graphics\ctl_one\ctl_one.vcxproj" on node 2 (build target(s)).
     1>InitializeBuildStatus:
         Creating ".\Debug\ctl_one.unsuccessfulbuild" because "AlwaysCreate" was specified.
       ClCompile:
         C:\Program Files (x86)\Microsoft Visual Studio 10.0\VC\bin\CL.exe /c /ZI /nologo /W3 /WX- /Od /Oy- /D WIN32 /D _DEBUG /D _WINDOWS /D _VC80_UPGRADE=0x0600 /D _MBCS /Gm /EHsc /RTC1 /MTd /GS /fp:precise /Zc:wchar_t /Zc:forScope /Fo".\Debug/" /Fd".\Debug/vc100.pdb" /Gd /TC /analyze- /errorReport:prompt ctl_one.c
         ctl_one.c
       ResourceCompile:
         C:\Program Files (x86)\Microsoft SDKs\Windows\v7.0A\bin\rc.exe /D _DEBUG /D _VC80_UPGRADE=0x0600 /l"0x0409" /nologo /fo".\Debug\ctl_one.res" ctl_one.rc 
       ManifestResourceCompile:
         C:\Program Files (x86)\Microsoft SDKs\Windows\v7.0A\bin\rc.exe /nologo /fo".\Debug\ctl_one.exe.embed.manifest.res" .\Debug\ctl_one_manifest.rc 
       Link:
         C:\Program Files (x86)\Microsoft Visual Studio 10.0\VC\bin\link.exe /ERRORREPORT:PROMPT /OUT:".\Debug/ctl_one.exe" /INCREMENTAL /NOLOGO kernel32.lib user32.lib gdi32.lib winspool.lib comdlg32.lib advapi32.lib shell32.lib ole32.lib oleaut32.lib uuid.lib odbc32.lib odbccp32.lib /MANIFEST /ManifestFile:".\Debug\ctl_one.exe.intermediate.manifest" /MANIFESTUAC:"level='asInvoker' uiAccess='false'" /DEBUG /PDB:".\Debug/ctl_one.pdb" /SUBSYSTEM:WINDOWS /TLBID:1 /DYNAMICBASE:NO /IMPLIB:".\Debug\ctl_one.lib" /MACHINE:X86 .\Debug\ctl_one.res
         .\Debug\ctl_one.exe.embed.manifest.res
         .\Debug/ctl_one.obj
       Manifest:
         C:\Program Files (x86)\Microsoft SDKs\Windows\v7.0A\bin\mt.exe /nologo /verbose /out:".\Debug\ctl_one.exe.embed.manifest" /manifest .\Debug\ctl_one.exe.intermediate.manifest
         All outputs are up-to-date.
       LinkEmbedManifest:
         All outputs are up-to-date.
         ctl_one.vcxproj -> D:\projects\graphics\ctl_one\.\Debug\ctl_one.exe
       FinalizeBuildStatus:
         Deleting file ".\Debug\ctl_one.unsuccessfulbuild".
         Touching ".\Debug\ctl_one.lastbuildstate".
     1>Done Building Project "D:\projects\graphics\ctl_one\ctl_one.vcxproj" (build target(s)).

Build succeeded.

Time Elapsed 00:00:08.53
