Build started 5/28/2017 3:41:12 PM.
     1>Project "C:\Users\srikrishna.sadula\Downloads\forgers-win32-tutorial-source\source\menu_one\menu_one.vcxproj" on node 2 (rebuild target(s)).
     1>InitializeBuildStatus:
         Creating ".\Debug\menu_one.unsuccessfulbuild" because "AlwaysCreate" was specified.
       ClCompile:
         C:\Program Files (x86)\Microsoft Visual Studio 10.0\VC\bin\CL.exe /c /ZI /nologo /W3 /WX- /Od /Oy- /D WIN32 /D _DEBUG /D _WINDOWS /D _VC80_UPGRADE=0x0600 /D _MBCS /Gm /EHsc /RTC1 /MTd /GS /fp:precise /Zc:wchar_t /Zc:forScope /Fo".\Debug/" /Fd".\Debug/vc100.pdb" /Gd /TC /analyze- /errorReport:prompt menu_one.c
         menu_one.c
       ResourceCompile:
         C:\Program Files (x86)\Microsoft SDKs\Windows\v7.0A\bin\rc.exe /D _DEBUG /D _VC80_UPGRADE=0x0600 /l"0x1009" /nologo /fo".\Debug\menu_one.res" menu_one.rc 
       ManifestResourceCompile:
         C:\Program Files (x86)\Microsoft SDKs\Windows\v7.0A\bin\rc.exe /nologo /fo".\Debug\menu_one.exe.embed.manifest.res" .\Debug\menu_one_manifest.rc 
       Link:
         C:\Program Files (x86)\Microsoft Visual Studio 10.0\VC\bin\link.exe /ERRORREPORT:PROMPT /OUT:".\Debug/menu_one.exe" /INCREMENTAL /NOLOGO kernel32.lib user32.lib gdi32.lib winspool.lib comdlg32.lib advapi32.lib shell32.lib ole32.lib oleaut32.lib uuid.lib odbc32.lib odbccp32.lib /MANIFEST /ManifestFile:".\Debug\menu_one.exe.intermediate.manifest" /MANIFESTUAC:"level='asInvoker' uiAccess='false'" /DEBUG /PDB:".\Debug/menu_one.pdb" /SUBSYSTEM:WINDOWS /TLBID:1 /DYNAMICBASE:NO /IMPLIB:".\Debug\menu_one.lib" /MACHINE:X86 .\Debug\menu_one.res
         .\Debug\menu_one.exe.embed.manifest.res
         .\Debug/menu_one.obj
       Manifest:
         Deleting file ".\Debug\menu_one.exe.embed.manifest".
         C:\Program Files (x86)\Microsoft SDKs\Windows\v7.0A\bin\mt.exe /nologo /verbose /out:".\Debug\menu_one.exe.embed.manifest" /manifest .\Debug\menu_one.exe.intermediate.manifest
         C:\Program Files (x86)\Microsoft SDKs\Windows\v7.0A\bin\rc.exe /nologo /fo".\Debug\menu_one.exe.embed.manifest.res" .\Debug\menu_one_manifest.rc 
       LinkEmbedManifest:
         C:\Program Files (x86)\Microsoft Visual Studio 10.0\VC\bin\link.exe /ERRORREPORT:PROMPT /OUT:".\Debug/menu_one.exe" /INCREMENTAL /NOLOGO kernel32.lib user32.lib gdi32.lib winspool.lib comdlg32.lib advapi32.lib shell32.lib ole32.lib oleaut32.lib uuid.lib odbc32.lib odbccp32.lib /MANIFEST /ManifestFile:".\Debug\menu_one.exe.intermediate.manifest" /MANIFESTUAC:"level='asInvoker' uiAccess='false'" /DEBUG /PDB:".\Debug/menu_one.pdb" /SUBSYSTEM:WINDOWS /TLBID:1 /DYNAMICBASE:NO /IMPLIB:".\Debug\menu_one.lib" /MACHINE:X86 .\Debug\menu_one.res
         .\Debug\menu_one.exe.embed.manifest.res
         .\Debug/menu_one.obj
         menu_one.vcxproj -> C:\Users\srikrishna.sadula\Downloads\forgers-win32-tutorial-source\source\menu_one\.\Debug\menu_one.exe
       FinalizeBuildStatus:
         Deleting file ".\Debug\menu_one.unsuccessfulbuild".
         Touching ".\Debug\menu_one.lastbuildstate".
     1>Done Building Project "C:\Users\srikrishna.sadula\Downloads\forgers-win32-tutorial-source\source\menu_one\menu_one.vcxproj" (rebuild target(s)).

Build succeeded.

Time Elapsed 00:00:03.56
