Build started 7/25/2017 2:16:24 PM.
     1>Project "D:\projects\opengl_33_tutorials_win32_framework\opengl_33_tutorials_win32_framework\opengl_33_tutorials_win32_framework.vcxproj" on node 2 (build target(s)).
     1>InitializeBuildStatus:
         Touching "Debug\opengl_33_tutorials_win32_framework.unsuccessfulbuild".
       ClCompile:
         C:\Program Files (x86)\Microsoft Visual Studio 10.0\VC\bin\CL.exe /c /ZI /nologo /W3 /WX- /Od /Oy- /D WIN32 /D _DEBUG /D _WINDOWS /Gm /EHsc /RTC1 /MTd /GS /fp:precise /Zc:wchar_t /Zc:forScope /Fo"Debug\\" /Fd"Debug\vc100.pdb" /Gd /TP /analyze- /errorReport:prompt buffer.cpp camera.cpp myopengl33renderer.cpp opengl33app.cpp opengl33renderer.cpp opengl33view.cpp shaderprogram.cpp texture.cpp
         texture.cpp
         shaderprogram.cpp
         opengl33view.cpp
         opengl33renderer.cpp
         opengl33app.cpp
         myopengl33renderer.cpp
         camera.cpp
         buffer.cpp
         Generating Code...
       ManifestResourceCompile:
         C:\Program Files (x86)\Microsoft SDKs\Windows\v7.0A\bin\rc.exe /nologo /fo"Debug\opengl_33_tutorials_win32_framework.exe.embed.manifest.res" Debug\opengl_33_tutorials_win32_framework_manifest.rc 
       Link:
         C:\Program Files (x86)\Microsoft Visual Studio 10.0\VC\bin\link.exe /ERRORREPORT:PROMPT /OUT:"D:\projects\opengl_33_tutorials_win32_framework\opengl_33_tutorials_win32_framework\Debug\opengl_33_tutorials_win32_framework.exe" /INCREMENTAL /NOLOGO kernel32.lib user32.lib gdi32.lib winspool.lib comdlg32.lib advapi32.lib shell32.lib ole32.lib oleaut32.lib uuid.lib odbc32.lib odbccp32.lib /MANIFEST /ManifestFile:"Debug\opengl_33_tutorials_win32_framework.exe.intermediate.manifest" /MANIFESTUAC:"level='asInvoker' uiAccess='false'" /DEBUG /PDB:"D:\projects\opengl_33_tutorials_win32_framework\opengl_33_tutorials_win32_framework\Debug\opengl_33_tutorials_win32_framework.pdb" /SUBSYSTEM:WINDOWS /TLBID:1 /DYNAMICBASE /NXCOMPAT /IMPLIB:"D:\projects\opengl_33_tutorials_win32_framework\opengl_33_tutorials_win32_framework\Debug\opengl_33_tutorials_win32_framework.lib" /MACHINE:X86 Debug\opengl_33_tutorials_win32_framework.exe.embed.manifest.res
         Debug\buffer.obj
         Debug\camera.obj
         Debug\glmath.obj
         Debug\myopengl33renderer.obj
         Debug\opengl33app.obj
         Debug\opengl33renderer.obj
         Debug\opengl33view.obj
         Debug\shaderprogram.obj
         Debug\string.obj
         Debug\texture.obj
       Manifest:
         C:\Program Files (x86)\Microsoft SDKs\Windows\v7.0A\bin\mt.exe /nologo /verbose /out:"Debug\opengl_33_tutorials_win32_framework.exe.embed.manifest" /manifest Debug\opengl_33_tutorials_win32_framework.exe.intermediate.manifest
         C:\Program Files (x86)\Microsoft SDKs\Windows\v7.0A\bin\rc.exe /nologo /fo"Debug\opengl_33_tutorials_win32_framework.exe.embed.manifest.res" Debug\opengl_33_tutorials_win32_framework_manifest.rc 
       LinkEmbedManifest:
         C:\Program Files (x86)\Microsoft Visual Studio 10.0\VC\bin\link.exe /ERRORREPORT:PROMPT /OUT:"D:\projects\opengl_33_tutorials_win32_framework\opengl_33_tutorials_win32_framework\Debug\opengl_33_tutorials_win32_framework.exe" /INCREMENTAL /NOLOGO kernel32.lib user32.lib gdi32.lib winspool.lib comdlg32.lib advapi32.lib shell32.lib ole32.lib oleaut32.lib uuid.lib odbc32.lib odbccp32.lib /MANIFEST /ManifestFile:"Debug\opengl_33_tutorials_win32_framework.exe.intermediate.manifest" /MANIFESTUAC:"level='asInvoker' uiAccess='false'" /DEBUG /PDB:"D:\projects\opengl_33_tutorials_win32_framework\opengl_33_tutorials_win32_framework\Debug\opengl_33_tutorials_win32_framework.pdb" /SUBSYSTEM:WINDOWS /TLBID:1 /DYNAMICBASE /NXCOMPAT /IMPLIB:"D:\projects\opengl_33_tutorials_win32_framework\opengl_33_tutorials_win32_framework\Debug\opengl_33_tutorials_win32_framework.lib" /MACHINE:X86 Debug\opengl_33_tutorials_win32_framework.exe.embed.manifest.res
         Debug\buffer.obj
         Debug\camera.obj
         Debug\glmath.obj
         Debug\myopengl33renderer.obj
         Debug\opengl33app.obj
         Debug\opengl33renderer.obj
         Debug\opengl33view.obj
         Debug\shaderprogram.obj
         Debug\string.obj
         Debug\texture.obj
         opengl_33_tutorials_win32_framework.vcxproj -> D:\projects\opengl_33_tutorials_win32_framework\opengl_33_tutorials_win32_framework\Debug\opengl_33_tutorials_win32_framework.exe
       FinalizeBuildStatus:
         Deleting file "Debug\opengl_33_tutorials_win32_framework.unsuccessfulbuild".
         Touching "Debug\opengl_33_tutorials_win32_framework.lastbuildstate".
     1>Done Building Project "D:\projects\opengl_33_tutorials_win32_framework\opengl_33_tutorials_win32_framework\opengl_33_tutorials_win32_framework.vcxproj" (build target(s)).

Build succeeded.

Time Elapsed 00:00:16.71
